<?xml version="1.0" encoding="UTF-8"?>
<testng-results ignored="0" total="1" passed="1" failed="0" skipped="0">
  <reporter-output>
  </reporter-output>
  <suite started-at="2021-04-24T12:45:01 IST" name="Default suite" finished-at="2021-04-24T12:45:12 IST" duration-ms="10221">
    <groups>
    </groups>
    <test started-at="2021-04-24T12:45:01 IST" name="Default test" finished-at="2021-04-24T12:45:12 IST" duration-ms="10221">
      <class name="Testcases.LoginApplication">
        <test-method signature="Login()[pri:0, instance:Testcases.LoginApplication@15ca7889]" started-at="2021-04-24T12:45:01 IST" name="Login" finished-at="2021-04-24T12:45:12 IST" duration-ms="10069" status="PASS">
          <reporter-output>
          </reporter-output>
        </test-method> <!-- Login -->
      </class> <!-- Testcases.LoginApplication -->
    </test> <!-- Default test -->
  </suite> <!-- Default suite -->
</testng-results>
